
Randomized with seed 30414
spec/features/person_maintenance_spec.rb:23.554413000005297
spec/features/person_membership_spec.rb:23.311939999926835
spec/features/search_filter_spec.rb:17.74092999997083
spec/features/group_maintenance_spec.rb:15.841565999900922
spec/features/suggestion_spec.rb:15.518131999997422
spec/features/audit_trail_spec.rb:12.155208999989554
spec/mailers/user_update_mailer_spec.rb:8.856054000090808
spec/uploaders/image_uploader_spec.rb:6.159387000021525
spec/models/group_spec.rb:5.817196999909356
spec/models/person_spec.rb:5.092495999997482
spec/mailers/suggestion_mailer_spec.rb:4.910197000019252
spec/features/search_spec.rb:4.385859999922104
spec/services/random_generator_spec.rb:4.166465000016615
spec/queries/user_behavior_query_spec.rb:4.016480999998748
spec/controllers/people_controller_spec.rb:3.9637119999388233
spec/features/token_authentication_spec.rb:3.9625830000732094
spec/controllers/groups_controller_spec.rb:3.314654999994673
spec/mailers/reminder_mailer_spec.rb:3.1966709999833256
spec/features/group_browsing_spec.rb:3.1615570000139996
spec/presenters/profile_changes_presenter_spec.rb:3.0580509999999776
spec/presenters/membership_changes_presenter_spec.rb:2.3989849999779835
spec/views/search/_person.html.haml_spec.rb:2.2689140000147745
spec/features/csv_upload_spec.rb:1.662326000048779
spec/features/person_audit_spec.rb:1.6492240000516176
spec/models/concerns/completion_spec.rb:1.6091310000047088
spec/helpers/people_helper_spec.rb:1.5704259999329224
spec/queries/distinct_membership_query_spec.rb:1.4719780000159517
spec/features/login_flow_spec.rb:1.3785449999850243
spec/features/group_audit_spec.rb:1.2035880000330508
spec/features/report_a_problem_spec.rb:1.188105000066571
spec/features/home_spec.rb:1.142030999995768
spec/jobs/person_import_job_spec.rb:1.1204950000392273
spec/features/person_edit_notifications_spec.rb:1.089064999949187
spec/lib/csv_publisher/user_behavior_report_spec.rb:1.0750799999805167
spec/models/queued_notification_spec.rb:0.9962969999760389
spec/services/never_logged_in_notifier_spec.rb:0.9418770000338554
spec/controllers/person_email_controller_spec.rb:0.9249390000477433
spec/queries/people_in_groups_query_spec.rb:0.9011920000193641
spec/services/person_update_notifier_spec.rb:0.8972249999642372
spec/presenters/person_changes_presenter_spec.rb:0.8945009999442846
spec/services/team_description_notifier_spec.rb:0.8239210000028834
spec/features/cookie_message_spec.rb:0.7600659999297932
spec/models/membership_spec.rb:0.7315299999900162
spec/controllers/versions_controller_spec.rb:0.7250219999114051
spec/services/group_search_spec.rb:0.7222199999960139
spec/services/person_csv_importer_spec.rb:0.7130769999930635
spec/models/token_spec.rb:0.6910009999992326
spec/controllers/api/people_controller_spec.rb:0.6903040000470355
spec/controllers/search_controller_spec.rb:0.6745399999199435
spec/controllers/tokens_controller_spec.rb:0.649781999993138
spec/features/management_spec.rb:0.6208259999984875
spec/features/analytics_spec.rb:0.6012010000413284
spec/features/flash_spec.rb:0.5714099999750033
spec/services/group_lister_spec.rb:0.47403099993243814
spec/controllers/profile_photos_controller_spec.rb:0.41004200000315905
spec/services/login_spec.rb:0.39158900000620633
spec/controllers/home_controller_spec.rb:0.3878829999594018
spec/models/profile_photo_spec.rb:0.37081200000829995
spec/controllers/suggestions_controller_spec.rb:0.35759099991992116
spec/controllers/sessions_controller_spec.rb:0.3569269999861717
spec/queries/namesakes_query_spec.rb:0.3394189999671653
spec/mailers/group_update_mailer_spec.rb:0.3208849999355152
spec/features/person_browsing_spec.rb:0.30038099992088974
spec/services/token_login_spec.rb:0.2950800000689924
spec/models/version_spec.rb:0.2890820000320673
spec/features/regression_spec.rb:0.2706900000339374
spec/jobs/notification_sender_spec.rb:0.24891399999614805
spec/models/concerns/bucketed_completion_spec.rb:0.20699299999978393
spec/jobs/update_group_members_completion_score_job_spec.rb:0.2020570000167936
spec/mailers/problem_report_mailer_spec.rb:0.1943380000302568
spec/helpers/breadcrumb_helper_spec.rb:0.18713800003752112
spec/models/concerns/work_days_spec.rb:0.16204000008292496
spec/features/login_page_spec.rb:0.15828800003509969
spec/mailers/token_mailer_spec.rb:0.1498699999647215
spec/services/token_sender_spec.rb:0.1396189999068156
spec/services/group_update_service_spec.rb:0.12959599995519966
spec/policies/group_policy_spec.rb:0.09684299991931766
spec/services/person_creator_spec.rb:0.09475799999199808
spec/services/person_updater_spec.rb:0.05731299996841699
spec/validators/image_dimensions_validator_spec.rb:0.056351999985054135
spec/helpers/application_helper_spec.rb:0.03817800001706928
spec/models/report_spec.rb:0.025824000011198223
spec/helpers/analytics_helper_spec.rb:0.023034000070765615
spec/helpers/search_helper_spec.rb:0.018897000001743436
spec/validators/file_size_validator_spec.rb:0.015292000025510788
spec/models/health_check/open_search_spec.rb:0.015174999949522316
spec/models/external_user_spec.rb:0.014076999970711768
spec/form_builders/person_form_builder_spec.rb:0.013467999990098178
spec/features/application_health_check_spec.rb:0.012082000030204654
spec/models/person_upload_spec.rb:0.011948000057600439
spec/models/suggestion_spec.rb:0.01115499995648861
spec/models/email_address_spec.rb:0.011123999953269958
spec/policies/admin/management_policy_spec.rb:0.010479000047780573
spec/policies/person_policy_spec.rb:0.010320000001229346
spec/controllers/health_check_controller_spec.rb:0.009354000096209347
spec/config/initializers/delayed_job_spec.rb:0.009224000037647784
spec/helpers/mail_helper_spec.rb:0.008175999973900616
spec/services/person_csv_parser_spec.rb:0.006627999944612384
spec/services/profile_change_aggregator_spec.rb:0.006047000060789287
spec/models/problem_report_spec.rb:0.005829000030644238
spec/models/permitted_domain_spec.rb:0.005040000076405704
spec/models/readonly_user_spec.rb:0.004468000028282404
spec/models/health_check/database_configuration_spec.rb:0.004220000002533197
spec/validators/email_validator_spec.rb:0.003860000055283308
spec/jobs/generate_report_job_spec.rb:0.0038380000041797757
spec/models/concerns/placeholder_spec.rb:0.003823000006377697
spec/form_builders/suggestion_form_builder_spec.rb:0.003722999943420291
spec/policies/admin/person_upload_policy_spec.rb:0.0036979999858886003
spec/services/email_extractor_spec.rb:0.0035749999806284904
spec/services/person_destroyer_spec.rb:0.0035390000557526946
spec/models/ip_address_matcher_spec.rb:0.0034180000657215714
spec/models/health_check/database_spec.rb:0.003417000058107078
spec/services/suggestion_delivery_spec.rb:0.003285999991931021
spec/models/concerns/sanitizable_spec.rb:0.003284999984316528
spec/presenters/audit_version_presenter_spec.rb:0.003208999987691641
spec/services/search_results_spec.rb:0.002937000012025237
spec/controllers/ping_controller_spec.rb:0.00247300008777529
spec/helpers/upload_helper_spec.rb:0.0023979999823495746
spec/lib/rails_host_spec.rb:0.0022700000554323196
spec/services/state_manager_cookie_spec.rb:0.0019909999100491405
spec/services/deployment_spec.rb:0.0017640000442042947
spec/lib/secure_spec.rb:0.001042999909259379
spec/models/concerns/concatenated_fields_spec.rb:0.0006769999163225293

Randomized with seed 30414
